

Started GET "/stockings" for 127.0.0.1 at 2015-08-02 22:10:02 -0300

ActiveRecord::PendingMigrationError (

Migrations are pending. To resolve this issue, run:

	bin/rake db:migrate RAILS_ENV=development

):
  activerecord (4.2.0) lib/active_record/migration.rb:393:in `check_pending!'
  activerecord (4.2.0) lib/active_record/migration.rb:374:in `call'
  actionpack (4.2.0) lib/action_dispatch/middleware/callbacks.rb:29:in `block in call'
  activesupport (4.2.0) lib/active_support/callbacks.rb:88:in `call'
  activesupport (4.2.0) lib/active_support/callbacks.rb:88:in `_run_callbacks'
  activesupport (4.2.0) lib/active_support/callbacks.rb:734:in `_run_call_callbacks'
  activesupport (4.2.0) lib/active_support/callbacks.rb:81:in `run_callbacks'
  actionpack (4.2.0) lib/action_dispatch/middleware/callbacks.rb:27:in `call'
  actionpack (4.2.0) lib/action_dispatch/middleware/reloader.rb:73:in `call'
  actionpack (4.2.0) lib/action_dispatch/middleware/remote_ip.rb:78:in `call'
  actionpack (4.2.0) lib/action_dispatch/middleware/debug_exceptions.rb:17:in `call'
  web-console (2.2.1) lib/web_console/middleware.rb:39:in `call'
  actionpack (4.2.0) lib/action_dispatch/middleware/show_exceptions.rb:30:in `call'
  railties (4.2.0) lib/rails/rack/logger.rb:38:in `call_app'
  railties (4.2.0) lib/rails/rack/logger.rb:20:in `block in call'
  activesupport (4.2.0) lib/active_support/tagged_logging.rb:68:in `block in tagged'
  activesupport (4.2.0) lib/active_support/tagged_logging.rb:26:in `tagged'
  activesupport (4.2.0) lib/active_support/tagged_logging.rb:68:in `tagged'
  railties (4.2.0) lib/rails/rack/logger.rb:20:in `call'
  actionpack (4.2.0) lib/action_dispatch/middleware/request_id.rb:21:in `call'
  rack (1.6.4) lib/rack/methodoverride.rb:22:in `call'
  rack (1.6.4) lib/rack/runtime.rb:18:in `call'
  activesupport (4.2.0) lib/active_support/cache/strategy/local_cache_middleware.rb:28:in `call'
  rack (1.6.4) lib/rack/lock.rb:17:in `call'
  actionpack (4.2.0) lib/action_dispatch/middleware/static.rb:113:in `call'
  rack (1.6.4) lib/rack/sendfile.rb:113:in `call'
  railties (4.2.0) lib/rails/engine.rb:518:in `call'
  railties (4.2.0) lib/rails/application.rb:164:in `call'
  rack (1.6.4) lib/rack/lock.rb:17:in `call'
  rack (1.6.4) lib/rack/content_length.rb:15:in `call'
  rack (1.6.4) lib/rack/handler/webrick.rb:88:in `service'
  /home/ricardo/.rvm/rubies/ruby-2.2.0/lib/ruby/2.2.0/webrick/httpserver.rb:138:in `service'
  /home/ricardo/.rvm/rubies/ruby-2.2.0/lib/ruby/2.2.0/webrick/httpserver.rb:94:in `run'
  /home/ricardo/.rvm/rubies/ruby-2.2.0/lib/ruby/2.2.0/webrick/server.rb:294:in `block in start_thread'


  Rendered /home/ricardo/.rvm/gems/ruby-2.2.0@rails-4.2.0/gems/actionpack-4.2.0/lib/action_dispatch/middleware/templates/rescues/_source.erb (4.7ms)
  Rendered /home/ricardo/.rvm/gems/ruby-2.2.0@rails-4.2.0/gems/actionpack-4.2.0/lib/action_dispatch/middleware/templates/rescues/_trace.html.erb (2.6ms)
  Rendered /home/ricardo/.rvm/gems/ruby-2.2.0@rails-4.2.0/gems/actionpack-4.2.0/lib/action_dispatch/middleware/templates/rescues/_request_and_response.html.erb (1.5ms)
  Rendered /home/ricardo/.rvm/gems/ruby-2.2.0@rails-4.2.0/gems/actionpack-4.2.0/lib/action_dispatch/middleware/templates/rescues/diagnostics.html.erb within rescues/layout (41.4ms)
  Rendered /home/ricardo/.rvm/gems/ruby-2.2.0@rails-4.2.0/gems/web-console-2.2.1/lib/web_console/templates/_markup.html.erb (0.5ms)
  Rendered /home/ricardo/.rvm/gems/ruby-2.2.0@rails-4.2.0/gems/web-console-2.2.1/lib/web_console/templates/_inner_console_markup.html.erb within layouts/inlined_string (0.5ms)
  Rendered /home/ricardo/.rvm/gems/ruby-2.2.0@rails-4.2.0/gems/web-console-2.2.1/lib/web_console/templates/_prompt_box_markup.html.erb within layouts/inlined_string (0.4ms)
  Rendered /home/ricardo/.rvm/gems/ruby-2.2.0@rails-4.2.0/gems/web-console-2.2.1/lib/web_console/templates/style.css.erb within layouts/inlined_string (0.4ms)
  Rendered /home/ricardo/.rvm/gems/ruby-2.2.0@rails-4.2.0/gems/web-console-2.2.1/lib/web_console/templates/console.js.erb within layouts/javascript (28.3ms)
  Rendered /home/ricardo/.rvm/gems/ruby-2.2.0@rails-4.2.0/gems/web-console-2.2.1/lib/web_console/templates/main.js.erb within layouts/javascript (0.5ms)
  Rendered /home/ricardo/.rvm/gems/ruby-2.2.0@rails-4.2.0/gems/web-console-2.2.1/lib/web_console/templates/error_page.js.erb within layouts/javascript (0.5ms)
  Rendered /home/ricardo/.rvm/gems/ruby-2.2.0@rails-4.2.0/gems/web-console-2.2.1/lib/web_console/templates/index.html.erb (60.2ms)
  [1m[36m (323.8ms)[0m  [1mCREATE TABLE `schema_migrations` (`version` varchar(255) NOT NULL) ENGINE=InnoDB[0m
  [1m[35m (255.9ms)[0m  CREATE UNIQUE INDEX `unique_schema_migrations`  ON `schema_migrations` (`version`) 
  [1m[36mActiveRecord::SchemaMigration Load (0.3ms)[0m  [1mSELECT `schema_migrations`.* FROM `schema_migrations`[0m
Migrating to CreateStockings (20150803010942)
  [1m[35m (112.1ms)[0m  CREATE TABLE `stockings` (`id` int(11) auto_increment PRIMARY KEY, `data` date, `workload` int(11), `obs` text, `function_id` int(11), `local_id` int(11), `created_at` datetime NOT NULL, `updated_at` datetime NOT NULL) ENGINE=InnoDB
  [1m[36m (188.9ms)[0m  [1mCREATE  INDEX `index_stockings_on_function_id`  ON `stockings` (`function_id`) [0m
  [1m[35m (177.5ms)[0m  CREATE  INDEX `index_stockings_on_local_id`  ON `stockings` (`local_id`) 
  [1m[36m (0.1ms)[0m  [1mBEGIN[0m
  [1m[35mSQL (0.2ms)[0m  INSERT INTO `schema_migrations` (`version`) VALUES ('20150803010942')
  [1m[36m (76.6ms)[0m  [1mCOMMIT[0m
  [1m[35mActiveRecord::SchemaMigration Load (0.2ms)[0m  SELECT `schema_migrations`.* FROM `schema_migrations`
  [1m[36m (18.3ms)[0m  [1mSELECT fk.referenced_table_name as 'to_table'
      ,fk.referenced_column_name as 'primary_key'
      ,fk.column_name as 'column'
      ,fk.constraint_name as 'name'
FROM information_schema.key_column_usage fk
WHERE fk.referenced_column_name is not null
  AND fk.table_schema = 'smed-th_development'
  AND fk.table_name = 'stockings'
[0m
  [1m[35m (0.2ms)[0m  SHOW CREATE TABLE `stockings`


Started GET "/stockings" for 127.0.0.1 at 2015-08-02 22:10:19 -0300
  [1m[36mActiveRecord::SchemaMigration Load (0.2ms)[0m  [1mSELECT `schema_migrations`.* FROM `schema_migrations`[0m
Processing by StockingsController#index as HTML
  [1m[35mStocking Load (0.3ms)[0m  SELECT `stockings`.* FROM `stockings`
  Rendered stockings/index.html.erb within layouts/application (78.3ms)
Completed 200 OK in 1809ms (Views: 1579.9ms | ActiveRecord: 74.7ms)


Started GET "/assets/scaffolds.self-9d0ef2f9c983da50ee4588e26e0c8e6f44ab360b15db53451fab61e5daf1c6cf.css?body=1" for 127.0.0.1 at 2015-08-02 22:10:21 -0300


Started GET "/assets/application.self-e80e8f2318043e8af94dddc2adad5a4f09739a8ebb323b3ab31cd71d45fd9113.css?body=1" for 127.0.0.1 at 2015-08-02 22:10:21 -0300


Started GET "/assets/application.self-3a3c8b61bda630ee689740ce7cbd0dd8ea6fdd45e2c42eef4661ab38cf268afe.js?body=1" for 127.0.0.1 at 2015-08-02 22:10:21 -0300


Started GET "/assets/stockings.self-e3b0c44298fc1c149afbf4c8996fb92427ae41e4649b934ca495991b7852b855.css?body=1" for 127.0.0.1 at 2015-08-02 22:10:21 -0300


Started GET "/assets/stockings.self-877aef30ae1b040ab8a3aba4e3e309a11d7f2612f44dde450b5c157aa5f95c05.js?body=1" for 127.0.0.1 at 2015-08-02 22:10:21 -0300


Started GET "/stockings/new" for 127.0.0.1 at 2015-08-02 22:10:23 -0300
Processing by StockingsController#new as HTML
  Rendered stockings/_form.html.erb (73.4ms)
  Rendered stockings/new.html.erb within layouts/application (89.8ms)
Completed 200 OK in 157ms (Views: 135.7ms | ActiveRecord: 0.6ms)
  [1m[36mActiveRecord::SchemaMigration Load (0.3ms)[0m  [1mSELECT `schema_migrations`.* FROM `schema_migrations`[0m
Migrating to CreateFunctions (20150803011409)
  [1m[35m (154.9ms)[0m  CREATE TABLE `functions` (`id` int(11) auto_increment PRIMARY KEY, `name` varchar(255), `created_at` datetime NOT NULL, `updated_at` datetime NOT NULL) ENGINE=InnoDB
  [1m[36m (0.2ms)[0m  [1mBEGIN[0m
  [1m[35mSQL (0.2ms)[0m  INSERT INTO `schema_migrations` (`version`) VALUES ('20150803011409')
  [1m[36m (45.5ms)[0m  [1mCOMMIT[0m
  [1m[35mActiveRecord::SchemaMigration Load (0.2ms)[0m  SELECT `schema_migrations`.* FROM `schema_migrations`
  [1m[36m (0.5ms)[0m  [1mSELECT fk.referenced_table_name as 'to_table'
      ,fk.referenced_column_name as 'primary_key'
      ,fk.column_name as 'column'
      ,fk.constraint_name as 'name'
FROM information_schema.key_column_usage fk
WHERE fk.referenced_column_name is not null
  AND fk.table_schema = 'smed-th_development'
  AND fk.table_name = 'functions'
[0m
  [1m[35m (0.3ms)[0m  SHOW CREATE TABLE `functions`
  [1m[36m (0.5ms)[0m  [1mSELECT fk.referenced_table_name as 'to_table'
      ,fk.referenced_column_name as 'primary_key'
      ,fk.column_name as 'column'
      ,fk.constraint_name as 'name'
FROM information_schema.key_column_usage fk
WHERE fk.referenced_column_name is not null
  AND fk.table_schema = 'smed-th_development'
  AND fk.table_name = 'stockings'
[0m
  [1m[35m (0.3ms)[0m  SHOW CREATE TABLE `stockings`


Started GET "/functinos" for 127.0.0.1 at 2015-08-02 22:14:26 -0300
  [1m[36mActiveRecord::SchemaMigration Load (0.3ms)[0m  [1mSELECT `schema_migrations`.* FROM `schema_migrations`[0m

ActionController::RoutingError (No route matches [GET] "/functinos"):
  actionpack (4.2.0) lib/action_dispatch/middleware/debug_exceptions.rb:21:in `call'
  web-console (2.2.1) lib/web_console/middleware.rb:39:in `call'
  actionpack (4.2.0) lib/action_dispatch/middleware/show_exceptions.rb:30:in `call'
  railties (4.2.0) lib/rails/rack/logger.rb:38:in `call_app'
  railties (4.2.0) lib/rails/rack/logger.rb:20:in `block in call'
  activesupport (4.2.0) lib/active_support/tagged_logging.rb:68:in `block in tagged'
  activesupport (4.2.0) lib/active_support/tagged_logging.rb:26:in `tagged'
  activesupport (4.2.0) lib/active_support/tagged_logging.rb:68:in `tagged'
  railties (4.2.0) lib/rails/rack/logger.rb:20:in `call'
  actionpack (4.2.0) lib/action_dispatch/middleware/request_id.rb:21:in `call'
  rack (1.6.4) lib/rack/methodoverride.rb:22:in `call'
  rack (1.6.4) lib/rack/runtime.rb:18:in `call'
  activesupport (4.2.0) lib/active_support/cache/strategy/local_cache_middleware.rb:28:in `call'
  rack (1.6.4) lib/rack/lock.rb:17:in `call'
  actionpack (4.2.0) lib/action_dispatch/middleware/static.rb:113:in `call'
  rack (1.6.4) lib/rack/sendfile.rb:113:in `call'
  railties (4.2.0) lib/rails/engine.rb:518:in `call'
  railties (4.2.0) lib/rails/application.rb:164:in `call'
  rack (1.6.4) lib/rack/lock.rb:17:in `call'
  rack (1.6.4) lib/rack/content_length.rb:15:in `call'
  rack (1.6.4) lib/rack/handler/webrick.rb:88:in `service'
  /home/ricardo/.rvm/rubies/ruby-2.2.0/lib/ruby/2.2.0/webrick/httpserver.rb:138:in `service'
  /home/ricardo/.rvm/rubies/ruby-2.2.0/lib/ruby/2.2.0/webrick/httpserver.rb:94:in `run'
  /home/ricardo/.rvm/rubies/ruby-2.2.0/lib/ruby/2.2.0/webrick/server.rb:294:in `block in start_thread'


  Rendered /home/ricardo/.rvm/gems/ruby-2.2.0@rails-4.2.0/gems/actionpack-4.2.0/lib/action_dispatch/middleware/templates/rescues/_trace.html.erb (2.0ms)
  Rendered /home/ricardo/.rvm/gems/ruby-2.2.0@rails-4.2.0/gems/actionpack-4.2.0/lib/action_dispatch/middleware/templates/routes/_route.html.erb (2.0ms)
  Rendered /home/ricardo/.rvm/gems/ruby-2.2.0@rails-4.2.0/gems/actionpack-4.2.0/lib/action_dispatch/middleware/templates/routes/_table.html.erb (22.4ms)
  Rendered /home/ricardo/.rvm/gems/ruby-2.2.0@rails-4.2.0/gems/actionpack-4.2.0/lib/action_dispatch/middleware/templates/rescues/_request_and_response.html.erb (15.7ms)
  Rendered /home/ricardo/.rvm/gems/ruby-2.2.0@rails-4.2.0/gems/actionpack-4.2.0/lib/action_dispatch/middleware/templates/rescues/routing_error.html.erb within rescues/layout (115.3ms)
  Rendered /home/ricardo/.rvm/gems/ruby-2.2.0@rails-4.2.0/gems/web-console-2.2.1/lib/web_console/templates/_markup.html.erb (0.5ms)
  Rendered /home/ricardo/.rvm/gems/ruby-2.2.0@rails-4.2.0/gems/web-console-2.2.1/lib/web_console/templates/_inner_console_markup.html.erb within layouts/inlined_string (0.5ms)
  Rendered /home/ricardo/.rvm/gems/ruby-2.2.0@rails-4.2.0/gems/web-console-2.2.1/lib/web_console/templates/_prompt_box_markup.html.erb within layouts/inlined_string (0.5ms)
  Rendered /home/ricardo/.rvm/gems/ruby-2.2.0@rails-4.2.0/gems/web-console-2.2.1/lib/web_console/templates/style.css.erb within layouts/inlined_string (0.5ms)
  Rendered /home/ricardo/.rvm/gems/ruby-2.2.0@rails-4.2.0/gems/web-console-2.2.1/lib/web_console/templates/console.js.erb within layouts/javascript (34.4ms)
  Rendered /home/ricardo/.rvm/gems/ruby-2.2.0@rails-4.2.0/gems/web-console-2.2.1/lib/web_console/templates/main.js.erb within layouts/javascript (0.4ms)
  Rendered /home/ricardo/.rvm/gems/ruby-2.2.0@rails-4.2.0/gems/web-console-2.2.1/lib/web_console/templates/error_page.js.erb within layouts/javascript (0.6ms)
  Rendered /home/ricardo/.rvm/gems/ruby-2.2.0@rails-4.2.0/gems/web-console-2.2.1/lib/web_console/templates/index.html.erb (63.6ms)


Started GET "/functions" for 127.0.0.1 at 2015-08-02 22:14:36 -0300
Processing by FunctionsController#index as HTML
  [1m[35mFunction Load (0.3ms)[0m  SELECT `functions`.* FROM `functions`
  Rendered functions/index.html.erb within layouts/application (4.0ms)
Completed 200 OK in 394ms (Views: 390.5ms | ActiveRecord: 1.5ms)


Started GET "/assets/functions.self-e3b0c44298fc1c149afbf4c8996fb92427ae41e4649b934ca495991b7852b855.css?body=1" for 127.0.0.1 at 2015-08-02 22:14:36 -0300


Started GET "/assets/functions.self-877aef30ae1b040ab8a3aba4e3e309a11d7f2612f44dde450b5c157aa5f95c05.js?body=1" for 127.0.0.1 at 2015-08-02 22:14:36 -0300


Started GET "/functions" for 127.0.0.1 at 2015-08-02 22:14:37 -0300
Processing by FunctionsController#index as HTML
  [1m[36mFunction Load (0.5ms)[0m  [1mSELECT `functions`.* FROM `functions`[0m
  Rendered functions/index.html.erb within layouts/application (1.7ms)
Completed 200 OK in 51ms (Views: 49.4ms | ActiveRecord: 0.5ms)


Started GET "/assets/functions.self-e3b0c44298fc1c149afbf4c8996fb92427ae41e4649b934ca495991b7852b855.css?body=1" for 127.0.0.1 at 2015-08-02 22:14:38 -0300


Started GET "/assets/stockings.self-e3b0c44298fc1c149afbf4c8996fb92427ae41e4649b934ca495991b7852b855.css?body=1" for 127.0.0.1 at 2015-08-02 22:14:38 -0300


Started GET "/assets/application.self-e80e8f2318043e8af94dddc2adad5a4f09739a8ebb323b3ab31cd71d45fd9113.css?body=1" for 127.0.0.1 at 2015-08-02 22:14:38 -0300


Started GET "/assets/jquery_ujs.self-ca5248a2fad13d6bd58ea121318d642f195f0b2dd818b30615f785ff365e8d1f.js?body=1" for 127.0.0.1 at 2015-08-02 22:14:38 -0300


Started GET "/assets/scaffolds.self-9d0ef2f9c983da50ee4588e26e0c8e6f44ab360b15db53451fab61e5daf1c6cf.css?body=1" for 127.0.0.1 at 2015-08-02 22:14:38 -0300


Started GET "/assets/jquery.self-d03a5518f45df77341bdbe6201ba3bfa547ebba8ed64f0ea56bfa5f96ea7c074.js?body=1" for 127.0.0.1 at 2015-08-02 22:14:38 -0300


Started GET "/assets/turbolinks.self-c37727e9bd6b2735da5c311aa83fead54ed0be6cc8bd9a65309e9c5abe2cbfff.js?body=1" for 127.0.0.1 at 2015-08-02 22:14:38 -0300


Started GET "/assets/functions.self-877aef30ae1b040ab8a3aba4e3e309a11d7f2612f44dde450b5c157aa5f95c05.js?body=1" for 127.0.0.1 at 2015-08-02 22:14:38 -0300


Started GET "/assets/stockings.self-877aef30ae1b040ab8a3aba4e3e309a11d7f2612f44dde450b5c157aa5f95c05.js?body=1" for 127.0.0.1 at 2015-08-02 22:14:38 -0300


Started GET "/assets/application.self-3a3c8b61bda630ee689740ce7cbd0dd8ea6fdd45e2c42eef4661ab38cf268afe.js?body=1" for 127.0.0.1 at 2015-08-02 22:14:38 -0300


Started GET "/functions/new" for 127.0.0.1 at 2015-08-02 22:14:40 -0300
Processing by FunctionsController#new as HTML
  Rendered functions/_form.html.erb (14.2ms)
  Rendered functions/new.html.erb within layouts/application (16.6ms)
Completed 200 OK in 87ms (Views: 78.6ms | ActiveRecord: 0.4ms)


Started GET "/functions" for 127.0.0.1 at 2015-08-02 22:14:41 -0300
Processing by FunctionsController#index as HTML
  [1m[35mFunction Load (0.4ms)[0m  SELECT `functions`.* FROM `functions`
  Rendered functions/index.html.erb within layouts/application (4.4ms)
Completed 200 OK in 75ms (Views: 73.7ms | ActiveRecord: 0.4ms)
  [1m[36mActiveRecord::SchemaMigration Load (0.2ms)[0m  [1mSELECT `schema_migrations`.* FROM `schema_migrations`[0m
Migrating to CreateLocals (20150803012047)
  [1m[35m (123.5ms)[0m  CREATE TABLE `locals` (`id` int(11) auto_increment PRIMARY KEY, `name` varchar(255), `name_abr` varchar(255), `initials` varchar(255), `tel1` varchar(255), `tel2` varchar(255), `tel3` varchar(255), `type_local_id` int(11), `institution_id` int(11), `created_at` datetime NOT NULL, `updated_at` datetime NOT NULL) ENGINE=InnoDB
  [1m[36m (199.3ms)[0m  [1mCREATE  INDEX `index_locals_on_type_local_id`  ON `locals` (`type_local_id`) [0m
  [1m[35m (177.6ms)[0m  CREATE  INDEX `index_locals_on_institution_id`  ON `locals` (`institution_id`) 
  [1m[36m (0.1ms)[0m  [1mBEGIN[0m
  [1m[35mSQL (0.3ms)[0m  INSERT INTO `schema_migrations` (`version`) VALUES ('20150803012047')
  [1m[36m (28.1ms)[0m  [1mCOMMIT[0m
  [1m[35mActiveRecord::SchemaMigration Load (0.3ms)[0m  SELECT `schema_migrations`.* FROM `schema_migrations`
  [1m[36m (0.4ms)[0m  [1mSELECT fk.referenced_table_name as 'to_table'
      ,fk.referenced_column_name as 'primary_key'
      ,fk.column_name as 'column'
      ,fk.constraint_name as 'name'
FROM information_schema.key_column_usage fk
WHERE fk.referenced_column_name is not null
  AND fk.table_schema = 'smed-th_development'
  AND fk.table_name = 'functions'
[0m
  [1m[35m (1.4ms)[0m  SHOW CREATE TABLE `functions`
  [1m[36m (0.4ms)[0m  [1mSELECT fk.referenced_table_name as 'to_table'
      ,fk.referenced_column_name as 'primary_key'
      ,fk.column_name as 'column'
      ,fk.constraint_name as 'name'
FROM information_schema.key_column_usage fk
WHERE fk.referenced_column_name is not null
  AND fk.table_schema = 'smed-th_development'
  AND fk.table_name = 'locals'
[0m
  [1m[35m (0.2ms)[0m  SHOW CREATE TABLE `locals`
  [1m[36m (0.3ms)[0m  [1mSELECT fk.referenced_table_name as 'to_table'
      ,fk.referenced_column_name as 'primary_key'
      ,fk.column_name as 'column'
      ,fk.constraint_name as 'name'
FROM information_schema.key_column_usage fk
WHERE fk.referenced_column_name is not null
  AND fk.table_schema = 'smed-th_development'
  AND fk.table_name = 'stockings'
[0m
  [1m[35m (0.2ms)[0m  SHOW CREATE TABLE `stockings`


Started GET "/locals" for 127.0.0.1 at 2015-08-02 22:21:06 -0300
  [1m[36mActiveRecord::SchemaMigration Load (0.2ms)[0m  [1mSELECT `schema_migrations`.* FROM `schema_migrations`[0m
Processing by LocalsController#index as HTML
  [1m[35mLocal Load (0.4ms)[0m  SELECT `locals`.* FROM `locals`
  Rendered locals/index.html.erb within layouts/application (6.6ms)
Completed 200 OK in 416ms (Views: 398.4ms | ActiveRecord: 1.5ms)


Started GET "/assets/locals.self-e3b0c44298fc1c149afbf4c8996fb92427ae41e4649b934ca495991b7852b855.css?body=1" for 127.0.0.1 at 2015-08-02 22:21:07 -0300


Started GET "/assets/locals.self-877aef30ae1b040ab8a3aba4e3e309a11d7f2612f44dde450b5c157aa5f95c05.js?body=1" for 127.0.0.1 at 2015-08-02 22:21:07 -0300


Started GET "/locals/new" for 127.0.0.1 at 2015-08-02 22:21:08 -0300
Processing by LocalsController#new as HTML
  Rendered locals/_form.html.erb (22.9ms)
  Rendered locals/new.html.erb within layouts/application (27.4ms)
Completed 200 OK in 114ms (Views: 98.5ms | ActiveRecord: 0.5ms)


Started GET "/locals" for 127.0.0.1 at 2015-08-02 22:21:12 -0300
Processing by LocalsController#index as HTML
  [1m[36mLocal Load (0.3ms)[0m  [1mSELECT `locals`.* FROM `locals`[0m
  Rendered locals/index.html.erb within layouts/application (2.9ms)
Completed 200 OK in 72ms (Views: 69.8ms | ActiveRecord: 0.3ms)
  [1m[36mActiveRecord::SchemaMigration Load (0.3ms)[0m  [1mSELECT `schema_migrations`.* FROM `schema_migrations`[0m
Migrating to CreateInstituations (20150803012422)
  [1m[35m (141.5ms)[0m  CREATE TABLE `instituations` (`id` int(11) auto_increment PRIMARY KEY, `name` varchar(255), `created_at` datetime NOT NULL, `updated_at` datetime NOT NULL) ENGINE=InnoDB
  [1m[36m (0.1ms)[0m  [1mBEGIN[0m
  [1m[35mSQL (0.3ms)[0m  INSERT INTO `schema_migrations` (`version`) VALUES ('20150803012422')
  [1m[36m (36.8ms)[0m  [1mCOMMIT[0m
  [1m[35mActiveRecord::SchemaMigration Load (0.2ms)[0m  SELECT `schema_migrations`.* FROM `schema_migrations`
  [1m[36m (0.4ms)[0m  [1mSELECT fk.referenced_table_name as 'to_table'
      ,fk.referenced_column_name as 'primary_key'
      ,fk.column_name as 'column'
      ,fk.constraint_name as 'name'
FROM information_schema.key_column_usage fk
WHERE fk.referenced_column_name is not null
  AND fk.table_schema = 'smed-th_development'
  AND fk.table_name = 'functions'
[0m
  [1m[35m (0.2ms)[0m  SHOW CREATE TABLE `functions`
  [1m[36m (0.4ms)[0m  [1mSELECT fk.referenced_table_name as 'to_table'
      ,fk.referenced_column_name as 'primary_key'
      ,fk.column_name as 'column'
      ,fk.constraint_name as 'name'
FROM information_schema.key_column_usage fk
WHERE fk.referenced_column_name is not null
  AND fk.table_schema = 'smed-th_development'
  AND fk.table_name = 'instituations'
[0m
  [1m[35m (0.2ms)[0m  SHOW CREATE TABLE `instituations`
  [1m[36m (0.4ms)[0m  [1mSELECT fk.referenced_table_name as 'to_table'
      ,fk.referenced_column_name as 'primary_key'
      ,fk.column_name as 'column'
      ,fk.constraint_name as 'name'
FROM information_schema.key_column_usage fk
WHERE fk.referenced_column_name is not null
  AND fk.table_schema = 'smed-th_development'
  AND fk.table_name = 'locals'
[0m
  [1m[35m (0.2ms)[0m  SHOW CREATE TABLE `locals`
  [1m[36m (0.4ms)[0m  [1mSELECT fk.referenced_table_name as 'to_table'
      ,fk.referenced_column_name as 'primary_key'
      ,fk.column_name as 'column'
      ,fk.constraint_name as 'name'
FROM information_schema.key_column_usage fk
WHERE fk.referenced_column_name is not null
  AND fk.table_schema = 'smed-th_development'
  AND fk.table_name = 'stockings'
[0m
  [1m[35m (0.2ms)[0m  SHOW CREATE TABLE `stockings`


Started GET "/instituation" for 127.0.0.1 at 2015-08-02 22:24:37 -0300
  [1m[36mActiveRecord::SchemaMigration Load (0.3ms)[0m  [1mSELECT `schema_migrations`.* FROM `schema_migrations`[0m

ActionController::RoutingError (No route matches [GET] "/instituation"):
  actionpack (4.2.0) lib/action_dispatch/middleware/debug_exceptions.rb:21:in `call'
  web-console (2.2.1) lib/web_console/middleware.rb:39:in `call'
  actionpack (4.2.0) lib/action_dispatch/middleware/show_exceptions.rb:30:in `call'
  railties (4.2.0) lib/rails/rack/logger.rb:38:in `call_app'
  railties (4.2.0) lib/rails/rack/logger.rb:20:in `block in call'
  activesupport (4.2.0) lib/active_support/tagged_logging.rb:68:in `block in tagged'
  activesupport (4.2.0) lib/active_support/tagged_logging.rb:26:in `tagged'
  activesupport (4.2.0) lib/active_support/tagged_logging.rb:68:in `tagged'
  railties (4.2.0) lib/rails/rack/logger.rb:20:in `call'
  actionpack (4.2.0) lib/action_dispatch/middleware/request_id.rb:21:in `call'
  rack (1.6.4) lib/rack/methodoverride.rb:22:in `call'
  rack (1.6.4) lib/rack/runtime.rb:18:in `call'
  activesupport (4.2.0) lib/active_support/cache/strategy/local_cache_middleware.rb:28:in `call'
  rack (1.6.4) lib/rack/lock.rb:17:in `call'
  actionpack (4.2.0) lib/action_dispatch/middleware/static.rb:113:in `call'
  rack (1.6.4) lib/rack/sendfile.rb:113:in `call'
  railties (4.2.0) lib/rails/engine.rb:518:in `call'
  railties (4.2.0) lib/rails/application.rb:164:in `call'
  rack (1.6.4) lib/rack/lock.rb:17:in `call'
  rack (1.6.4) lib/rack/content_length.rb:15:in `call'
  rack (1.6.4) lib/rack/handler/webrick.rb:88:in `service'
  /home/ricardo/.rvm/rubies/ruby-2.2.0/lib/ruby/2.2.0/webrick/httpserver.rb:138:in `service'
  /home/ricardo/.rvm/rubies/ruby-2.2.0/lib/ruby/2.2.0/webrick/httpserver.rb:94:in `run'
  /home/ricardo/.rvm/rubies/ruby-2.2.0/lib/ruby/2.2.0/webrick/server.rb:294:in `block in start_thread'


  Rendered /home/ricardo/.rvm/gems/ruby-2.2.0@rails-4.2.0/gems/actionpack-4.2.0/lib/action_dispatch/middleware/templates/rescues/_trace.html.erb (1.9ms)
  Rendered /home/ricardo/.rvm/gems/ruby-2.2.0@rails-4.2.0/gems/actionpack-4.2.0/lib/action_dispatch/middleware/templates/routes/_route.html.erb (3.0ms)
  Rendered /home/ricardo/.rvm/gems/ruby-2.2.0@rails-4.2.0/gems/actionpack-4.2.0/lib/action_dispatch/middleware/templates/routes/_table.html.erb (14.8ms)
  Rendered /home/ricardo/.rvm/gems/ruby-2.2.0@rails-4.2.0/gems/actionpack-4.2.0/lib/action_dispatch/middleware/templates/rescues/_request_and_response.html.erb (15.3ms)
  Rendered /home/ricardo/.rvm/gems/ruby-2.2.0@rails-4.2.0/gems/actionpack-4.2.0/lib/action_dispatch/middleware/templates/rescues/routing_error.html.erb within rescues/layout (80.6ms)
  Rendered /home/ricardo/.rvm/gems/ruby-2.2.0@rails-4.2.0/gems/web-console-2.2.1/lib/web_console/templates/_markup.html.erb (0.5ms)
  Rendered /home/ricardo/.rvm/gems/ruby-2.2.0@rails-4.2.0/gems/web-console-2.2.1/lib/web_console/templates/_inner_console_markup.html.erb within layouts/inlined_string (0.5ms)
  Rendered /home/ricardo/.rvm/gems/ruby-2.2.0@rails-4.2.0/gems/web-console-2.2.1/lib/web_console/templates/_prompt_box_markup.html.erb within layouts/inlined_string (0.4ms)
  Rendered /home/ricardo/.rvm/gems/ruby-2.2.0@rails-4.2.0/gems/web-console-2.2.1/lib/web_console/templates/style.css.erb within layouts/inlined_string (0.5ms)
  Rendered /home/ricardo/.rvm/gems/ruby-2.2.0@rails-4.2.0/gems/web-console-2.2.1/lib/web_console/templates/console.js.erb within layouts/javascript (27.5ms)
  Rendered /home/ricardo/.rvm/gems/ruby-2.2.0@rails-4.2.0/gems/web-console-2.2.1/lib/web_console/templates/main.js.erb within layouts/javascript (0.4ms)
  Rendered /home/ricardo/.rvm/gems/ruby-2.2.0@rails-4.2.0/gems/web-console-2.2.1/lib/web_console/templates/error_page.js.erb within layouts/javascript (0.6ms)
  Rendered /home/ricardo/.rvm/gems/ruby-2.2.0@rails-4.2.0/gems/web-console-2.2.1/lib/web_console/templates/index.html.erb (55.4ms)


Started GET "/instituations" for 127.0.0.1 at 2015-08-02 22:24:42 -0300
Processing by InstituationsController#index as HTML
  [1m[35mInstituation Load (0.4ms)[0m  SELECT `instituations`.* FROM `instituations`
  Rendered instituations/index.html.erb within layouts/application (3.8ms)
Completed 200 OK in 419ms (Views: 415.1ms | ActiveRecord: 1.0ms)


Started GET "/assets/instituations.self-877aef30ae1b040ab8a3aba4e3e309a11d7f2612f44dde450b5c157aa5f95c05.js?body=1" for 127.0.0.1 at 2015-08-02 22:24:42 -0300


Started GET "/assets/instituations.self-e3b0c44298fc1c149afbf4c8996fb92427ae41e4649b934ca495991b7852b855.css?body=1" for 127.0.0.1 at 2015-08-02 22:24:42 -0300


Started GET "/instituations/new" for 127.0.0.1 at 2015-08-02 22:24:43 -0300
Processing by InstituationsController#new as HTML
  Rendered instituations/_form.html.erb (12.7ms)
  Rendered instituations/new.html.erb within layouts/application (14.6ms)
Completed 200 OK in 97ms (Views: 91.9ms | ActiveRecord: 0.5ms)


Started GET "/instituations" for 127.0.0.1 at 2015-08-02 22:24:45 -0300
Processing by InstituationsController#index as HTML
  [1m[36mInstituation Load (0.3ms)[0m  [1mSELECT `instituations`.* FROM `instituations`[0m
  Rendered instituations/index.html.erb within layouts/application (2.7ms)
Completed 200 OK in 81ms (Views: 78.6ms | ActiveRecord: 0.3ms)
  [1m[36mActiveRecord::SchemaMigration Load (0.3ms)[0m  [1mSELECT `schema_migrations`.* FROM `schema_migrations`[0m
Migrating to CreateTypeLocals (20150803012724)
  [1m[35m (121.4ms)[0m  CREATE TABLE `type_locals` (`id` int(11) auto_increment PRIMARY KEY, `name` varchar(255), `created_at` datetime NOT NULL, `updated_at` datetime NOT NULL) ENGINE=InnoDB
  [1m[36m (0.3ms)[0m  [1mBEGIN[0m
  [1m[35mSQL (0.3ms)[0m  INSERT INTO `schema_migrations` (`version`) VALUES ('20150803012724')
  [1m[36m (34.1ms)[0m  [1mCOMMIT[0m
  [1m[35mActiveRecord::SchemaMigration Load (0.2ms)[0m  SELECT `schema_migrations`.* FROM `schema_migrations`
  [1m[36m (0.7ms)[0m  [1mSELECT fk.referenced_table_name as 'to_table'
      ,fk.referenced_column_name as 'primary_key'
      ,fk.column_name as 'column'
      ,fk.constraint_name as 'name'
FROM information_schema.key_column_usage fk
WHERE fk.referenced_column_name is not null
  AND fk.table_schema = 'smed-th_development'
  AND fk.table_name = 'functions'
[0m
  [1m[35m (0.3ms)[0m  SHOW CREATE TABLE `functions`
  [1m[36m (0.5ms)[0m  [1mSELECT fk.referenced_table_name as 'to_table'
      ,fk.referenced_column_name as 'primary_key'
      ,fk.column_name as 'column'
      ,fk.constraint_name as 'name'
FROM information_schema.key_column_usage fk
WHERE fk.referenced_column_name is not null
  AND fk.table_schema = 'smed-th_development'
  AND fk.table_name = 'instituations'
[0m
  [1m[35m (0.2ms)[0m  SHOW CREATE TABLE `instituations`
  [1m[36m (0.4ms)[0m  [1mSELECT fk.referenced_table_name as 'to_table'
      ,fk.referenced_column_name as 'primary_key'
      ,fk.column_name as 'column'
      ,fk.constraint_name as 'name'
FROM information_schema.key_column_usage fk
WHERE fk.referenced_column_name is not null
  AND fk.table_schema = 'smed-th_development'
  AND fk.table_name = 'locals'
[0m
  [1m[35m (0.2ms)[0m  SHOW CREATE TABLE `locals`
  [1m[36m (0.5ms)[0m  [1mSELECT fk.referenced_table_name as 'to_table'
      ,fk.referenced_column_name as 'primary_key'
      ,fk.column_name as 'column'
      ,fk.constraint_name as 'name'
FROM information_schema.key_column_usage fk
WHERE fk.referenced_column_name is not null
  AND fk.table_schema = 'smed-th_development'
  AND fk.table_name = 'stockings'
[0m
  [1m[35m (0.2ms)[0m  SHOW CREATE TABLE `stockings`
  [1m[36m (0.4ms)[0m  [1mSELECT fk.referenced_table_name as 'to_table'
      ,fk.referenced_column_name as 'primary_key'
      ,fk.column_name as 'column'
      ,fk.constraint_name as 'name'
FROM information_schema.key_column_usage fk
WHERE fk.referenced_column_name is not null
  AND fk.table_schema = 'smed-th_development'
  AND fk.table_name = 'type_locals'
[0m
  [1m[35m (0.2ms)[0m  SHOW CREATE TABLE `type_locals`


Started GET "/type_locals" for 127.0.0.1 at 2015-08-02 22:27:45 -0300
  [1m[36mActiveRecord::SchemaMigration Load (0.3ms)[0m  [1mSELECT `schema_migrations`.* FROM `schema_migrations`[0m
Processing by TypeLocalsController#index as HTML
  [1m[35mTypeLocal Load (0.3ms)[0m  SELECT `type_locals`.* FROM `type_locals`
  Rendered type_locals/index.html.erb within layouts/application (4.2ms)
Completed 200 OK in 453ms (Views: 435.6ms | ActiveRecord: 0.9ms)


Started GET "/assets/type_locals.self-e3b0c44298fc1c149afbf4c8996fb92427ae41e4649b934ca495991b7852b855.css?body=1" for 127.0.0.1 at 2015-08-02 22:27:46 -0300


Started GET "/assets/type_locals.self-877aef30ae1b040ab8a3aba4e3e309a11d7f2612f44dde450b5c157aa5f95c05.js?body=1" for 127.0.0.1 at 2015-08-02 22:27:46 -0300
  [1m[36mActiveRecord::SchemaMigration Load (0.3ms)[0m  [1mSELECT `schema_migrations`.* FROM `schema_migrations`[0m
Migrating to CreateBonds (20150803014803)
  [1m[35m (111.9ms)[0m  CREATE TABLE `bonds` (`id` int(11) auto_increment PRIMARY KEY, `description` varchar(255), `dt_admission` date, `workload` int(11), `obs` text, `person_id` int(11), `role_id` int(11), `type_bond_id` int(11), `instituation_id` int(11), `situation_bond_id` int(11), `created_at` datetime NOT NULL, `updated_at` datetime NOT NULL) ENGINE=InnoDB
  [1m[36m (210.8ms)[0m  [1mCREATE  INDEX `index_bonds_on_person_id`  ON `bonds` (`person_id`) [0m
  [1m[35m (177.6ms)[0m  CREATE  INDEX `index_bonds_on_role_id`  ON `bonds` (`role_id`) 
  [1m[36m (166.7ms)[0m  [1mCREATE  INDEX `index_bonds_on_type_bond_id`  ON `bonds` (`type_bond_id`) [0m
  [1m[35m (177.4ms)[0m  CREATE  INDEX `index_bonds_on_instituation_id`  ON `bonds` (`instituation_id`) 
  [1m[36m (199.0ms)[0m  [1mCREATE  INDEX `index_bonds_on_situation_bond_id`  ON `bonds` (`situation_bond_id`) [0m
  [1m[35m (0.1ms)[0m  BEGIN
  [1m[36mSQL (0.2ms)[0m  [1mINSERT INTO `schema_migrations` (`version`) VALUES ('20150803014803')[0m
  [1m[35m (39.2ms)[0m  COMMIT
  [1m[36mActiveRecord::SchemaMigration Load (0.3ms)[0m  [1mSELECT `schema_migrations`.* FROM `schema_migrations`[0m
  [1m[35m (0.4ms)[0m  SELECT fk.referenced_table_name as 'to_table'
      ,fk.referenced_column_name as 'primary_key'
      ,fk.column_name as 'column'
      ,fk.constraint_name as 'name'
FROM information_schema.key_column_usage fk
WHERE fk.referenced_column_name is not null
  AND fk.table_schema = 'smed-th_development'
  AND fk.table_name = 'bonds'

  [1m[36m (0.3ms)[0m  [1mSHOW CREATE TABLE `bonds`[0m
  [1m[35m (0.3ms)[0m  SELECT fk.referenced_table_name as 'to_table'
      ,fk.referenced_column_name as 'primary_key'
      ,fk.column_name as 'column'
      ,fk.constraint_name as 'name'
FROM information_schema.key_column_usage fk
WHERE fk.referenced_column_name is not null
  AND fk.table_schema = 'smed-th_development'
  AND fk.table_name = 'functions'

  [1m[36m (0.2ms)[0m  [1mSHOW CREATE TABLE `functions`[0m
  [1m[35m (0.3ms)[0m  SELECT fk.referenced_table_name as 'to_table'
      ,fk.referenced_column_name as 'primary_key'
      ,fk.column_name as 'column'
      ,fk.constraint_name as 'name'
FROM information_schema.key_column_usage fk
WHERE fk.referenced_column_name is not null
  AND fk.table_schema = 'smed-th_development'
  AND fk.table_name = 'instituations'

  [1m[36m (0.1ms)[0m  [1mSHOW CREATE TABLE `instituations`[0m
  [1m[35m (0.3ms)[0m  SELECT fk.referenced_table_name as 'to_table'
      ,fk.referenced_column_name as 'primary_key'
      ,fk.column_name as 'column'
      ,fk.constraint_name as 'name'
FROM information_schema.key_column_usage fk
WHERE fk.referenced_column_name is not null
  AND fk.table_schema = 'smed-th_development'
  AND fk.table_name = 'locals'

  [1m[36m (0.2ms)[0m  [1mSHOW CREATE TABLE `locals`[0m
  [1m[35m (0.4ms)[0m  SELECT fk.referenced_table_name as 'to_table'
      ,fk.referenced_column_name as 'primary_key'
      ,fk.column_name as 'column'
      ,fk.constraint_name as 'name'
FROM information_schema.key_column_usage fk
WHERE fk.referenced_column_name is not null
  AND fk.table_schema = 'smed-th_development'
  AND fk.table_name = 'stockings'

  [1m[36m (0.3ms)[0m  [1mSHOW CREATE TABLE `stockings`[0m
  [1m[35m (0.3ms)[0m  SELECT fk.referenced_table_name as 'to_table'
      ,fk.referenced_column_name as 'primary_key'
      ,fk.column_name as 'column'
      ,fk.constraint_name as 'name'
FROM information_schema.key_column_usage fk
WHERE fk.referenced_column_name is not null
  AND fk.table_schema = 'smed-th_development'
  AND fk.table_name = 'type_locals'

  [1m[36m (0.2ms)[0m  [1mSHOW CREATE TABLE `type_locals`[0m


Started GET "/bonds" for 127.0.0.1 at 2015-08-02 22:49:56 -0300
  [1m[36mActiveRecord::SchemaMigration Load (0.3ms)[0m  [1mSELECT `schema_migrations`.* FROM `schema_migrations`[0m
Processing by BondsController#index as HTML
  [1m[35mBond Load (0.3ms)[0m  SELECT `bonds`.* FROM `bonds`
  Rendered bonds/index.html.erb within layouts/application (5.1ms)
Completed 200 OK in 448ms (Views: 431.3ms | ActiveRecord: 1.1ms)


Started GET "/assets/bonds.self-e3b0c44298fc1c149afbf4c8996fb92427ae41e4649b934ca495991b7852b855.css?body=1" for 127.0.0.1 at 2015-08-02 22:49:56 -0300


Started GET "/assets/bonds.self-877aef30ae1b040ab8a3aba4e3e309a11d7f2612f44dde450b5c157aa5f95c05.js?body=1" for 127.0.0.1 at 2015-08-02 22:49:56 -0300
  [1m[36mActiveRecord::SchemaMigration Load (0.3ms)[0m  [1mSELECT `schema_migrations`.* FROM `schema_migrations`[0m
Migrating to CreateTypeBonds (20150803020118)
  [1m[35m (110.4ms)[0m  CREATE TABLE `type_bonds` (`id` int(11) auto_increment PRIMARY KEY, `name` varchar(255), `abbreviation` varchar(255), `created_at` datetime NOT NULL, `updated_at` datetime NOT NULL) ENGINE=InnoDB
  [1m[36m (0.1ms)[0m  [1mBEGIN[0m
  [1m[35mSQL (0.2ms)[0m  INSERT INTO `schema_migrations` (`version`) VALUES ('20150803020118')
  [1m[36m (49.0ms)[0m  [1mCOMMIT[0m
  [1m[35mActiveRecord::SchemaMigration Load (0.2ms)[0m  SELECT `schema_migrations`.* FROM `schema_migrations`
  [1m[36m (0.3ms)[0m  [1mSELECT fk.referenced_table_name as 'to_table'
      ,fk.referenced_column_name as 'primary_key'
      ,fk.column_name as 'column'
      ,fk.constraint_name as 'name'
FROM information_schema.key_column_usage fk
WHERE fk.referenced_column_name is not null
  AND fk.table_schema = 'smed-th_development'
  AND fk.table_name = 'bonds'
[0m
  [1m[35m (0.2ms)[0m  SHOW CREATE TABLE `bonds`
  [1m[36m (0.3ms)[0m  [1mSELECT fk.referenced_table_name as 'to_table'
      ,fk.referenced_column_name as 'primary_key'
      ,fk.column_name as 'column'
      ,fk.constraint_name as 'name'
FROM information_schema.key_column_usage fk
WHERE fk.referenced_column_name is not null
  AND fk.table_schema = 'smed-th_development'
  AND fk.table_name = 'functions'
[0m
  [1m[35m (0.1ms)[0m  SHOW CREATE TABLE `functions`
  [1m[36m (0.3ms)[0m  [1mSELECT fk.referenced_table_name as 'to_table'
      ,fk.referenced_column_name as 'primary_key'
      ,fk.column_name as 'column'
      ,fk.constraint_name as 'name'
FROM information_schema.key_column_usage fk
WHERE fk.referenced_column_name is not null
  AND fk.table_schema = 'smed-th_development'
  AND fk.table_name = 'instituations'
[0m
  [1m[35m (0.1ms)[0m  SHOW CREATE TABLE `instituations`
  [1m[36m (0.3ms)[0m  [1mSELECT fk.referenced_table_name as 'to_table'
      ,fk.referenced_column_name as 'primary_key'
      ,fk.column_name as 'column'
      ,fk.constraint_name as 'name'
FROM information_schema.key_column_usage fk
WHERE fk.referenced_column_name is not null
  AND fk.table_schema = 'smed-th_development'
  AND fk.table_name = 'locals'
[0m
  [1m[35m (0.1ms)[0m  SHOW CREATE TABLE `locals`
  [1m[36m (0.3ms)[0m  [1mSELECT fk.referenced_table_name as 'to_table'
      ,fk.referenced_column_name as 'primary_key'
      ,fk.column_name as 'column'
      ,fk.constraint_name as 'name'
FROM information_schema.key_column_usage fk
WHERE fk.referenced_column_name is not null
  AND fk.table_schema = 'smed-th_development'
  AND fk.table_name = 'stockings'
[0m
  [1m[35m (0.2ms)[0m  SHOW CREATE TABLE `stockings`
  [1m[36m (0.3ms)[0m  [1mSELECT fk.referenced_table_name as 'to_table'
      ,fk.referenced_column_name as 'primary_key'
      ,fk.column_name as 'column'
      ,fk.constraint_name as 'name'
FROM information_schema.key_column_usage fk
WHERE fk.referenced_column_name is not null
  AND fk.table_schema = 'smed-th_development'
  AND fk.table_name = 'type_bonds'
[0m
  [1m[35m (0.1ms)[0m  SHOW CREATE TABLE `type_bonds`
  [1m[36m (0.2ms)[0m  [1mSELECT fk.referenced_table_name as 'to_table'
      ,fk.referenced_column_name as 'primary_key'
      ,fk.column_name as 'column'
      ,fk.constraint_name as 'name'
FROM information_schema.key_column_usage fk
WHERE fk.referenced_column_name is not null
  AND fk.table_schema = 'smed-th_development'
  AND fk.table_name = 'type_locals'
[0m
  [1m[35m (0.1ms)[0m  SHOW CREATE TABLE `type_locals`
  [1m[36mActiveRecord::SchemaMigration Load (0.3ms)[0m  [1mSELECT `schema_migrations`.* FROM `schema_migrations`[0m
Migrating to CreateAdministrativeRegions (20150803022141)
  [1m[35m (126.3ms)[0m  CREATE TABLE `administrative_regions` (`id` int(11) auto_increment PRIMARY KEY, `name` varchar(255), `initials` varchar(255), `created_at` datetime NOT NULL, `updated_at` datetime NOT NULL) ENGINE=InnoDB
  [1m[36m (0.1ms)[0m  [1mBEGIN[0m
  [1m[35mSQL (0.2ms)[0m  INSERT INTO `schema_migrations` (`version`) VALUES ('20150803022141')
  [1m[36m (38.3ms)[0m  [1mCOMMIT[0m
  [1m[35mActiveRecord::SchemaMigration Load (0.2ms)[0m  SELECT `schema_migrations`.* FROM `schema_migrations`
  [1m[36m (0.4ms)[0m  [1mSELECT fk.referenced_table_name as 'to_table'
      ,fk.referenced_column_name as 'primary_key'
      ,fk.column_name as 'column'
      ,fk.constraint_name as 'name'
FROM information_schema.key_column_usage fk
WHERE fk.referenced_column_name is not null
  AND fk.table_schema = 'smed-th_development'
  AND fk.table_name = 'administrative_regions'
[0m
  [1m[35m (0.3ms)[0m  SHOW CREATE TABLE `administrative_regions`
  [1m[36m (0.4ms)[0m  [1mSELECT fk.referenced_table_name as 'to_table'
      ,fk.referenced_column_name as 'primary_key'
      ,fk.column_name as 'column'
      ,fk.constraint_name as 'name'
FROM information_schema.key_column_usage fk
WHERE fk.referenced_column_name is not null
  AND fk.table_schema = 'smed-th_development'
  AND fk.table_name = 'bonds'
[0m
  [1m[35m (0.3ms)[0m  SHOW CREATE TABLE `bonds`
  [1m[36m (0.4ms)[0m  [1mSELECT fk.referenced_table_name as 'to_table'
      ,fk.referenced_column_name as 'primary_key'
      ,fk.column_name as 'column'
      ,fk.constraint_name as 'name'
FROM information_schema.key_column_usage fk
WHERE fk.referenced_column_name is not null
  AND fk.table_schema = 'smed-th_development'
  AND fk.table_name = 'functions'
[0m
  [1m[35m (0.3ms)[0m  SHOW CREATE TABLE `functions`
  [1m[36m (0.4ms)[0m  [1mSELECT fk.referenced_table_name as 'to_table'
      ,fk.referenced_column_name as 'primary_key'
      ,fk.column_name as 'column'
      ,fk.constraint_name as 'name'
FROM information_schema.key_column_usage fk
WHERE fk.referenced_column_name is not null
  AND fk.table_schema = 'smed-th_development'
  AND fk.table_name = 'instituations'
[0m
  [1m[35m (0.3ms)[0m  SHOW CREATE TABLE `instituations`
  [1m[36m (0.3ms)[0m  [1mSELECT fk.referenced_table_name as 'to_table'
      ,fk.referenced_column_name as 'primary_key'
      ,fk.column_name as 'column'
      ,fk.constraint_name as 'name'
FROM information_schema.key_column_usage fk
WHERE fk.referenced_column_name is not null
  AND fk.table_schema = 'smed-th_development'
  AND fk.table_name = 'locals'
[0m
  [1m[35m (0.2ms)[0m  SHOW CREATE TABLE `locals`
  [1m[36m (0.4ms)[0m  [1mSELECT fk.referenced_table_name as 'to_table'
      ,fk.referenced_column_name as 'primary_key'
      ,fk.column_name as 'column'
      ,fk.constraint_name as 'name'
FROM information_schema.key_column_usage fk
WHERE fk.referenced_column_name is not null
  AND fk.table_schema = 'smed-th_development'
  AND fk.table_name = 'stockings'
[0m
  [1m[35m (0.2ms)[0m  SHOW CREATE TABLE `stockings`
  [1m[36m (0.3ms)[0m  [1mSELECT fk.referenced_table_name as 'to_table'
      ,fk.referenced_column_name as 'primary_key'
      ,fk.column_name as 'column'
      ,fk.constraint_name as 'name'
FROM information_schema.key_column_usage fk
WHERE fk.referenced_column_name is not null
  AND fk.table_schema = 'smed-th_development'
  AND fk.table_name = 'type_bonds'
[0m
  [1m[35m (0.2ms)[0m  SHOW CREATE TABLE `type_bonds`
  [1m[36m (0.3ms)[0m  [1mSELECT fk.referenced_table_name as 'to_table'
      ,fk.referenced_column_name as 'primary_key'
      ,fk.column_name as 'column'
      ,fk.constraint_name as 'name'
FROM information_schema.key_column_usage fk
WHERE fk.referenced_column_name is not null
  AND fk.table_schema = 'smed-th_development'
  AND fk.table_name = 'type_locals'
[0m
  [1m[35m (0.2ms)[0m  SHOW CREATE TABLE `type_locals`
